Chronologic VCS simulator copyright 1991-2017
Contains Synopsys proprietary information.
Compiler version N-2017.12-SP2-1_Full64; Runtime version N-2017.12-SP2-1_Full64;  Dec 30 21:32 2020
VCD+ Writer N-2017.12-SP2-1_Full64 Copyright (c) 1991-2017 by Synopsys Inc.
Time:   0 out:            X
Time:  25 out:            0
Time:  35 out:            X
Time:  45 out:            X
Time:  55 out:            X
Time:  65 out:            X
Time:  75 out:            X
Time:  85 out:            X
Time:  95 out:            X
Time: 105 out:            X
Time: 115 out:            X
Time: 125 out:            X
Time:10265 out:            0
Time:10275 out:            X
Time:10285 out:            X
Time:10295 out:            X
Time:10305 out:            X
Time:10315 out:            X
Time:10325 out:            X
Time:10335 out:            X
Time:10345 out:            X
Time:10355 out:            X
Time:10365 out:            X
Time:20505 out:            0
Time:20515 out:            X
Time:20525 out:            X
Time:20535 out:            X
Time:20545 out:            X
Time:20555 out:            X
Time:20565 out:            X
Time:20575 out:            X
Time:20585 out:            X
Time:20595 out:            X
Time:20605 out:            X
Time:30745 out:            0
Time:30755 out:            X
Time:30765 out:            X
Time:30775 out:            X
Time:30785 out:            X
Time:30795 out:            X
Time:30805 out:            X
Time:30815 out:            X
Time:30825 out:            X
Time:30835 out:            X
Time:30845 out:            X
Time:40985 out:            0
Time:40995 out:            X
Time:41005 out:            X
Time:41015 out:            X
Time:41025 out:            X
Time:41035 out:            X
Time:41045 out:            X
Time:41055 out:            X
Time:41065 out:            X
Time:41075 out:            X
Time:41085 out:            X
Time:51225 out:            0
Time:51235 out:            X
Time:51245 out:            X
Time:51255 out:            X
Time:51265 out:            X
Time:51275 out:            X
Time:51285 out:            X
Time:51295 out:            X
Time:51305 out:            X
Time:51315 out:            X
Time:51325 out:            X
Time:61465 out:            0
Time:61475 out:            X
Time:61485 out:            X
Time:61495 out:            X
Time:61505 out:            X
Time:61515 out:            X
Time:61525 out:            X
Time:61535 out:            X
Time:61545 out:            X
Time:61555 out:            X
Time:61565 out:            X
Time:71705 out:            0
Time:71715 out:            X
Time:71725 out:            X
Time:71735 out:            X
Time:71745 out:            X
Time:71755 out:            X
Time:71765 out:            X
Time:71775 out:            X
Time:71785 out:            X
Time:71795 out:            X
Time:71805 out:            X
Time:81945 out:            0
Time:81955 out:            X
Time:81965 out:            X
Time:81975 out:            X
Time:81985 out:            X
Time:81995 out:            X
Time:82005 out:            X
Time:82015 out:            X
Time:82025 out:            X
Time:82035 out:            X
Time:82045 out:            X
Time:92185 out:            0
Time:92195 out:            X
Time:92205 out:            X
Time:92215 out:            X
Time:92225 out:            X
Time:92235 out:            X
Time:92245 out:            X
Time:92255 out:            X
Time:92265 out:            X
Time:92275 out:            X
Time:92285 out:            X
Time:102425 out:            0
Time:102435 out:            X
Time:102445 out:            X
Time:102455 out:            X
Time:102465 out:            X
Time:102475 out:            X
Time:102485 out:            X
Time:102495 out:            X
Time:102505 out:            X
Time:102515 out:            X
Time:102525 out:            X
Time:112665 out:            0
Time:112675 out:            X
Time:112685 out:            X
Time:112695 out:            X
Time:112705 out:            X
Time:112715 out:            X
Time:112725 out:            X
Time:112735 out:            X
Time:112745 out:            X
Time:112755 out:            X
Time:112765 out:            X
Time:122905 out:            0
$finish called from file "SC_fb/HWA_total_test.v", line 56.
$finish at simulation time               122910
           V C S   S i m u l a t i o n   R e p o r t 
Time: 122910
CPU Time:      1.340 seconds;       Data structure size:   3.8Mb
Wed Dec 30 21:32:57 2020
