
                           Design Compiler Graphical 
                                 DC Ultra (TM)
                                  DFTMAX (TM)
                              Power Compiler (TM)
                                 DesignWare (R)
                                 DC Expert (TM)
                               Design Vision (TM)
                               HDL Compiler (TM)
                               VHDL Compiler (TM)
                                  DFT Compiler
                               Design Compiler(R)

                 Version O-2018.06 for linux64 - May 21, 2018 

                    Copyright (c) 1988 - 2018 Synopsys, Inc.
   This software and the associated documentation are proprietary to Synopsys,
 Inc. This software may only be used in accordance with the terms and conditions
 of a written license agreement with Synopsys, Inc. All other use, reproduction,
            or distribution of this software is strictly prohibited.
Initializing...
#/***********************************************************/
#/*   FILE        : defaults.tcl                            */
#/*   Description : Default Synopsys Design Compiler Script */
#/*   Usage       : dc_shell -tcl_mode -f default.tcl       */
#/*   You'll need to minimally set design_name & read files */
#/***********************************************************/
#set search_path [ list "./" "/afs/umich.edu/class/eecs470/lib/synopsys/" ]
set search_path [ list "./" "/afs/umich.edu/user/s/u/sunsusan/Desktop/SC_FIR_hardware_syn/Nangate/" ]
./ /afs/umich.edu/user/s/u/sunsusan/Desktop/SC_FIR_hardware_syn/Nangate/
set target_library "NangateOpenCellLibrary.db"
NangateOpenCellLibrary.db
set link_library [concat  "*" $target_library]
* NangateOpenCellLibrary.db
#/***********************************************************/
#/* Set some flags to suppress warnings we don't care about */
set suppress_errors [concat $suppress_errors "UID-401"]
UID-401
suppress_message {"VER-130"}
#/***********************************************************/
#/* The following five lines must be updated for every      */
#/* new design                                              */
#/***********************************************************/
analyze -f sverilog [list "../BC_fb/BC_total.v"  "../in_Ctrl/in_ctrl.v" "../BC_fb/BC_FIR.v" "../BC_fb/BC_FIR_1.v"]
Running PRESTO HDLC
Compiling source file ../BC_fb/BC_total.v
Compiling source file ../in_Ctrl/in_ctrl.v
Compiling source file ../BC_fb/BC_FIR.v
Compiling source file ../BC_fb/BC_FIR_1.v
Presto compilation completed successfully.
Loading db file '/afs/umich.edu/user/s/u/sunsusan/Desktop/SC_FIR_hardware_syn/Nangate/NangateOpenCellLibrary.db'
Information: Using CCS timing libraries. (TIM-024)
1
elaborate BC_total
Loading db file '/usr/caen/synopsys-synth-2018.06/libraries/syn/gtech.db'
Loading db file '/usr/caen/synopsys-synth-2018.06/libraries/syn/standard.sldb'
  Loading link library 'NangateOpenCellLibrary'
  Loading link library 'gtech'
Running PRESTO HDLC

Statistics for case statements in always block at line 52 in file
	'../BC_fb/BC_total.v'
===============================================
|           Line           |  full/ parallel  |
===============================================
|            53            |    auto/auto     |
===============================================

Inferred memory devices in process
	in routine BC_total line 43 in file
		'../BC_fb/BC_total.v'.
===============================================================================
|    Register Name    |   Type    | Width | Bus | MB | AR | AS | SR | SS | ST |
===============================================================================
|     counter_reg     | Flip-flop |   2   |  Y  | N  | N  | N  | N  | N  | N  |
===============================================================================
Presto compilation completed successfully.
Elaborated 1 design.
Current design is now 'BC_total'.
Information: Building the design 'in_ctrl'. (HDL-193)

Inferred memory devices in process
	in routine in_ctrl line 26 in file
		'../in_Ctrl/in_ctrl.v'.
===============================================================================
|    Register Name    |   Type    | Width | Bus | MB | AR | AS | SR | SS | ST |
===============================================================================
|  mux_in_large_reg   | Flip-flop |  608  |  Y  | N  | N  | N  | N  | N  | N  |
===============================================================================
Presto compilation completed successfully.
Information: Building the design 'BC_FIR'. (HDL-193)
Presto compilation completed successfully.
Information: Building the design 'in_ctrl_1'. (HDL-193)

Inferred memory devices in process
	in routine in_ctrl_1 line 84 in file
		'../in_Ctrl/in_ctrl.v'.
===============================================================================
|    Register Name    |   Type    | Width | Bus | MB | AR | AS | SR | SS | ST |
===============================================================================
|  mux_in_large_reg   | Flip-flop |  312  |  Y  | N  | N  | N  | N  | N  | N  |
===============================================================================
Presto compilation completed successfully.
Information: Building the design 'BC_FIR_1'. (HDL-193)
Presto compilation completed successfully.
Information: Building the design 'in_ctrl_2'. (HDL-193)

Inferred memory devices in process
	in routine in_ctrl_2 line 156 in file
		'../in_Ctrl/in_ctrl.v'.
===============================================================================
|    Register Name    |   Type    | Width | Bus | MB | AR | AS | SR | SS | ST |
===============================================================================
|  mux_in_large_reg   | Flip-flop |  624  |  Y  | N  | N  | N  | N  | N  | N  |
===============================================================================
Presto compilation completed successfully.
Information: Building the design 'in_ctrl_4'. (HDL-193)

Inferred memory devices in process
	in routine in_ctrl_4 line 204 in file
		'../in_Ctrl/in_ctrl.v'.
===============================================================================
|    Register Name    |   Type    | Width | Bus | MB | AR | AS | SR | SS | ST |
===============================================================================
|  mux_in_large_reg   | Flip-flop | 1248  |  Y  | N  | N  | N  | N  | N  | N  |
===============================================================================
Presto compilation completed successfully.
1
set design_name BC_total
BC_total
set clock_name clock
clock
set CLK_PERIOD 3
3
#/***********************************************************/
#/* The rest of this file may be left alone for most small  */
#/* to moderate sized designs.  You may need to alter it    */
#/* when synthesizing your final project.                   */
#/***********************************************************/
set SYN_DIR ./
./
#/***********************************************************/
#/* Set some flags for optimisation */
set compile_top_all_paths "true"
true
set auto_wire_load_selection "true"
true
set compile_seqmap_synchronous_extraction "true"
true
#/***********************************************************/
#/*  Clk Periods/uncertainty/transition                     */
set CLK_TRANSITION 0.1
0.1
set CLK_UNCERTAINTY 0.1
0.1
set CLK_LATENCY 0.1
0.1
#/* Input/output Delay values */
set AVG_INPUT_DELAY 0.1
0.1
set AVG_OUTPUT_DELAY 0.1
0.1
#/* Critical Range (ns) */
set CRIT_RANGE 1.0
1.0
#/***********************************************************/
#/* Design Constrains: Not all used                         */
set MAX_TRANSITION 1.0
1.0
set FAST_TRANSITION 0.1
0.1
set MAX_FANOUT 32
32
set MID_FANOUT 8
8
set LOW_FANOUT 1
1
set HIGH_DRIVE 0
0
set HIGH_LOAD 1.0
1.0
set AVG_LOAD 0.1
0.1
set AVG_FANOUT_LOAD 10
10
#/***********************************************************/
#/*BASIC_INPUT = cb18os120_tsmc_max/nd02d1/A1
#BASIC_OUTPUT = cb18os120_tsmc_max/nd02d1/ZN*/
set DRIVING_CELL DFF_X1
DFF_X1
#/* DONT_USE_LIST = {   } */
#/*************operation cons**************/
#/*OP_WCASE = WCCOM;
#OP_BCASE = BCCOM;*/
set WIRE_LOAD "tsmcwire"
tsmcwire
set LOGICLIB lec25dscc25_TT
lec25dscc25_TT
#/*****************************/
#/* Sourcing the file that sets the Search path and the libraries(target,link) */
set sys_clk $clock_name
clock
set netlist_file [format "%s%s"  [format "%s%s"  $SYN_DIR $design_name] ".vg"]
./BC_total.vg
set ddc_file [format "%s%s"  [format "%s%s"  $SYN_DIR $design_name] ".ddc"]
./BC_total.ddc
set rep_file [format "%s%s"  [format "%s%s"  $SYN_DIR $design_name] ".rep"]
./BC_total.rep
set dc_shell_status [ set chk_file [format "%s%s"  [format "%s%s"  $SYN_DIR $design_name] ".chk"] ]
./BC_total.chk
#/* if we didnt find errors at this point, run */
if {  $dc_shell_status != [list] } {
   current_design $design_name
  link
#  set_wire_load_model -name $WIRE_LOAD -lib $LOGICLIB $design_name
  set_wire_load_mode top
  set_fix_multiple_port_nets -outputs -buffer_constants
  create_clock -period $CLK_PERIOD -name $sys_clk [find port $sys_clk]
  set_clock_uncertainty $CLK_UNCERTAINTY $sys_clk
  set_fix_hold $sys_clk
  group_path -from [all_inputs] -name input_grp
  group_path -to [all_outputs] -name output_grp
  set_driving_cell  -lib_cell $DRIVING_CELL [all_inputs]
  remove_driving_cell [find port $sys_clk]
  set_fanout_load $AVG_FANOUT_LOAD [all_outputs]
  set_load $AVG_LOAD [all_outputs]
  set_input_delay $AVG_INPUT_DELAY -clock $sys_clk [all_inputs]
  remove_input_delay -clock $sys_clk [find port $sys_clk]
  set_output_delay $AVG_OUTPUT_DELAY -clock $sys_clk [all_outputs]
  set_critical_range $CRIT_RANGE [current_design]
  set_max_delay $CLK_PERIOD [all_outputs]
  set MAX_FANOUT $MAX_FANOUT
  set MAX_TRANSITION $MAX_TRANSITION
  uniquify
#  ungroup -all -flatten
  redirect $chk_file { check_design }
  compile -map_effort medium
  write -hier -format verilog -output $netlist_file $design_name
  write -hier -format ddc -output $ddc_file $design_name
  redirect $rep_file { report_design -nosplit }
  redirect -append $rep_file { report_area }
  redirect -append $rep_file { report_timing -max_paths 2 -input_pins -nets -transition_time -nosplit }
  redirect -append $rep_file { report_constraint -max_delay -verbose -nosplit }
  remove_design -all
  read_file -format verilog $netlist_file
  current_design $design_name
  redirect -append $rep_file { report_reference -nosplit }
  quit
} else {
   quit
}
Current design is 'BC_total'.

  Linking design 'BC_total'
  Using the following designs and libraries:
  --------------------------------------------------------------------------
  * (7 designs)               /afs/umich.edu/user/s/u/sunsusan/Desktop/SC_FIR_hardware_syn/synth/BC_total.db, etc
  NangateOpenCellLibrary (library) /afs/umich.edu/user/s/u/sunsusan/Desktop/SC_FIR_hardware_syn/Nangate/NangateOpenCellLibrary.db

Current design is 'BC_total'.
Information: Uniquified 2 instances of design 'in_ctrl_1'. (OPT-1056)
Information: Uniquified 2 instances of design 'in_ctrl_2'. (OPT-1056)
Information: Uniquified 2 instances of design 'in_ctrl_4'. (OPT-1056)
Information: Evaluating DesignWare library utilization. (UISN-27)

============================================================================
| DesignWare Building Block Library  |         Version         | Available |
============================================================================
| Basic DW Building Blocks           | O-2018.06-DWBB_201806.0 |     *     |
| Licensed DW Building Blocks        |                         |           |
============================================================================


Information: There are 392 potential problems in your design. Please run 'check_design' for more information. (LINT-99)



  Beginning Pass 1 Mapping
  ------------------------
  Processing 'in_ctrl_4_0'
  Processing 'in_ctrl_2_0'
  Processing 'in_ctrl_1_0'
  Processing 'BC_FIR'
  Processing 'in_ctrl'
  Processing 'BC_total'

  Updating timing information
Information: Updating design information... (UID-85)

  Beginning Mapping Optimizations  (Medium effort)
  -------------------------------

                                  TOTAL                                                  
   ELAPSED            WORST NEG   SETUP    DESIGN                              MIN DELAY 
    TIME      AREA      SLACK     COST    RULE COST         ENDPOINT             COST    
  --------- --------- --------- --------- --------- ------------------------- -----------
    0:00:08   29172.8      0.00       0.0     157.2                                0.00  
    0:00:08   29172.8      0.00       0.0     157.2                                0.00  
    0:00:08   29172.8      0.00       0.0     157.2                                0.00  
    0:00:08   29172.8      0.00       0.0     157.2                                0.00  
    0:00:08   29172.8      0.00       0.0     157.2                                0.00  
    0:00:09   25244.7      0.00       0.0       0.0                                0.00  
    0:00:09   25237.8      0.00       0.0       0.0                                0.00  
    0:00:09   25237.8      0.00       0.0       0.0                                0.00  
    0:00:09   25237.8      0.00       0.0       0.0                                0.00  
    0:00:09   25237.8      0.00       0.0       0.0                                0.00  
    0:00:09   25237.8      0.00       0.0       0.0                                0.00  
    0:00:09   25237.8      0.00       0.0       0.0                                0.00  
    0:00:09   25237.8      0.00       0.0       0.0                                0.00  
    0:00:09   25237.8      0.00       0.0       0.0                                0.00  



  Beginning Delay Optimization Phase
  ----------------------------------

                                  TOTAL                                                  
   ELAPSED            WORST NEG   SETUP    DESIGN                              MIN DELAY 
    TIME      AREA      SLACK     COST    RULE COST         ENDPOINT             COST    
  --------- --------- --------- --------- --------- ------------------------- -----------
    0:00:09   25237.8      0.00       0.0       0.0                                0.00  
    0:00:09   25237.8      0.00       0.0       0.0                                0.00  
    0:00:09   25237.8      0.00       0.0       0.0                                0.00  


  Beginning Critical Range Optimization
  -------------------------------------

                                  TOTAL                                                  
   ELAPSED            WORST NEG   SETUP    DESIGN                              MIN DELAY 
    TIME      AREA      SLACK     COST    RULE COST         ENDPOINT             COST    
  --------- --------- --------- --------- --------- ------------------------- -----------
    0:00:10   25237.8      0.00       0.0       0.0                                0.00  


  Beginning Area-Recovery Phase  (cleanup)
  -----------------------------

                                  TOTAL                                                  
   ELAPSED            WORST NEG   SETUP    DESIGN                              MIN DELAY 
    TIME      AREA      SLACK     COST    RULE COST         ENDPOINT             COST    
  --------- --------- --------- --------- --------- ------------------------- -----------
    0:00:10   25237.8      0.00       0.0       0.0                                0.00  
    0:00:10   25237.8      0.00       0.0       0.0                                0.00  
    0:00:14   25203.8      0.00       0.0       0.0                                0.00  
    0:00:14   25203.8      0.00       0.0       0.0                                0.00  
    0:00:14   25203.8      0.00       0.0       0.0                                0.00  
    0:00:14   25203.8      0.00       0.0       0.0                                0.00  
    0:00:14   25203.8      0.00       0.0       0.0                                0.00  
    0:00:14   25203.8      0.00       0.0       0.0                                0.00  
    0:00:14   25203.8      0.00       0.0       0.0                                0.00  
    0:00:14   25203.8      0.00       0.0       0.0                                0.00  
    0:00:14   25203.8      0.00       0.0       0.0                                0.00  
    0:00:14   25203.8      0.00       0.0       0.0                                0.00  


  Beginning Critical Range Optimization
  -------------------------------------

                                  TOTAL                                                  
   ELAPSED            WORST NEG   SETUP    DESIGN                              MIN DELAY 
    TIME      AREA      SLACK     COST    RULE COST         ENDPOINT             COST    
  --------- --------- --------- --------- --------- ------------------------- -----------
    0:00:14   25203.8      0.00       0.0       0.0                                0.00  
    0:00:14   25212.3      0.00       0.0       0.0                                0.00  


Note: Symbol # after min delay cost means estimated hold TNS across all active scenarios 


  Optimization Complete
  ---------------------
Writing verilog file '/afs/umich.edu/user/s/u/sunsusan/Desktop/SC_FIR_hardware_syn/synth/BC_total.vg'.
Writing ddc file './BC_total.ddc'.
Removing design 'BC_total'
Removing design 'in_ctrl_1_0'
Removing design 'in_ctrl_2_0'
Removing design 'in_ctrl_4_0'
Removing design 'in_ctrl_1_1'
Removing design 'in_ctrl_2_1'
Removing design 'in_ctrl_4_1'
Removing design 'in_ctrl'
Removing design 'BC_FIR'
Removing design 'BC_FIR_1'
Removing library 'NangateOpenCellLibrary'
Removing library 'gtech'
Removing library 'standard.sldb'
Loading db file '/afs/umich.edu/user/s/u/sunsusan/Desktop/SC_FIR_hardware_syn/Nangate/NangateOpenCellLibrary.db'
Loading db file '/usr/caen/synopsys-synth-2018.06/libraries/syn/gtech.db'
Loading db file '/usr/caen/synopsys-synth-2018.06/libraries/syn/standard.sldb'
  Loading link library 'NangateOpenCellLibrary'
  Loading link library 'gtech'
Loading verilog file '/afs/umich.edu/user/s/u/sunsusan/Desktop/SC_FIR_hardware_syn/synth/BC_total.vg'
Detecting input file type automatically (-rtl or -netlist).
Running DC verilog reader
Performing 'read' command.
Compiling source file /afs/umich.edu/user/s/u/sunsusan/Desktop/SC_FIR_hardware_syn/synth/BC_total.vg
Reading with netlist reader (equivalent to -netlist option).
Verilog netlist reader completed successfully.
Current design is now '/afs/umich.edu/user/s/u/sunsusan/Desktop/SC_FIR_hardware_syn/synth/BC_FIR_1.db:BC_FIR_1'
Loaded 10 designs.
Current design is 'BC_FIR_1'.
Current design is 'BC_total'.

Thank you...
